[2024-04-10T18:50:15.052+0000] {processor.py:161} INFO - Started process (PID=31) to work on /opt/airflow/dags/reddit_dag.py
[2024-04-10T18:50:15.053+0000] {processor.py:830} INFO - Processing file /opt/airflow/dags/reddit_dag.py for tasks to queue
[2024-04-10T18:50:15.055+0000] {logging_mixin.py:188} INFO - [2024-04-10T18:50:15.055+0000] {dagbag.py:540} INFO - Filling up the DagBag from /opt/airflow/dags/reddit_dag.py
[2024-04-10T18:50:15.603+0000] {processor.py:840} INFO - DAG(s) 'etl_reddit_pipeline' retrieved from /opt/airflow/dags/reddit_dag.py
[2024-04-10T18:50:15.841+0000] {logging_mixin.py:188} INFO - [2024-04-10T18:50:15.840+0000] {dag.py:3047} INFO - Sync 1 DAGs
[2024-04-10T18:50:15.857+0000] {logging_mixin.py:188} INFO - [2024-04-10T18:50:15.857+0000] {dag.py:3834} INFO - Setting next_dagrun for etl_reddit_pipeline to 2024-04-10 00:00:00+00:00, run_after=2024-04-11 00:00:00+00:00
[2024-04-10T18:50:15.868+0000] {processor.py:183} INFO - Processing /opt/airflow/dags/reddit_dag.py took 0.822 seconds
[2024-04-10T18:50:46.272+0000] {processor.py:161} INFO - Started process (PID=33) to work on /opt/airflow/dags/reddit_dag.py
[2024-04-10T18:50:46.274+0000] {processor.py:830} INFO - Processing file /opt/airflow/dags/reddit_dag.py for tasks to queue
[2024-04-10T18:50:46.275+0000] {logging_mixin.py:188} INFO - [2024-04-10T18:50:46.275+0000] {dagbag.py:540} INFO - Filling up the DagBag from /opt/airflow/dags/reddit_dag.py
[2024-04-10T18:50:46.491+0000] {processor.py:840} INFO - DAG(s) 'etl_reddit_pipeline' retrieved from /opt/airflow/dags/reddit_dag.py
[2024-04-10T18:50:46.501+0000] {logging_mixin.py:188} INFO - [2024-04-10T18:50:46.501+0000] {dag.py:3047} INFO - Sync 1 DAGs
[2024-04-10T18:50:46.631+0000] {logging_mixin.py:188} INFO - [2024-04-10T18:50:46.631+0000] {dag.py:3834} INFO - Setting next_dagrun for etl_reddit_pipeline to 2024-04-10 00:00:00+00:00, run_after=2024-04-11 00:00:00+00:00
[2024-04-10T18:50:46.640+0000] {processor.py:183} INFO - Processing /opt/airflow/dags/reddit_dag.py took 0.371 seconds
[2024-04-10T18:51:16.691+0000] {processor.py:161} INFO - Started process (PID=35) to work on /opt/airflow/dags/reddit_dag.py
[2024-04-10T18:51:16.693+0000] {processor.py:830} INFO - Processing file /opt/airflow/dags/reddit_dag.py for tasks to queue
[2024-04-10T18:51:16.696+0000] {logging_mixin.py:188} INFO - [2024-04-10T18:51:16.696+0000] {dagbag.py:540} INFO - Filling up the DagBag from /opt/airflow/dags/reddit_dag.py
[2024-04-10T18:51:16.865+0000] {processor.py:840} INFO - DAG(s) 'etl_reddit_pipeline' retrieved from /opt/airflow/dags/reddit_dag.py
[2024-04-10T18:51:16.998+0000] {logging_mixin.py:188} INFO - [2024-04-10T18:51:16.998+0000] {dag.py:3047} INFO - Sync 1 DAGs
[2024-04-10T18:51:17.007+0000] {logging_mixin.py:188} INFO - [2024-04-10T18:51:17.007+0000] {dag.py:3834} INFO - Setting next_dagrun for etl_reddit_pipeline to 2024-04-10 00:00:00+00:00, run_after=2024-04-11 00:00:00+00:00
[2024-04-10T18:51:17.016+0000] {processor.py:183} INFO - Processing /opt/airflow/dags/reddit_dag.py took 0.330 seconds
[2024-04-10T18:51:47.430+0000] {processor.py:161} INFO - Started process (PID=37) to work on /opt/airflow/dags/reddit_dag.py
[2024-04-10T18:51:47.432+0000] {processor.py:830} INFO - Processing file /opt/airflow/dags/reddit_dag.py for tasks to queue
[2024-04-10T18:51:47.436+0000] {logging_mixin.py:188} INFO - [2024-04-10T18:51:47.436+0000] {dagbag.py:540} INFO - Filling up the DagBag from /opt/airflow/dags/reddit_dag.py
[2024-04-10T18:51:47.724+0000] {processor.py:840} INFO - DAG(s) 'etl_reddit_pipeline' retrieved from /opt/airflow/dags/reddit_dag.py
[2024-04-10T18:51:47.735+0000] {logging_mixin.py:188} INFO - [2024-04-10T18:51:47.735+0000] {dag.py:3047} INFO - Sync 1 DAGs
[2024-04-10T18:51:47.745+0000] {logging_mixin.py:188} INFO - [2024-04-10T18:51:47.745+0000] {dag.py:3834} INFO - Setting next_dagrun for etl_reddit_pipeline to 2024-04-10 00:00:00+00:00, run_after=2024-04-11 00:00:00+00:00
[2024-04-10T18:51:47.754+0000] {processor.py:183} INFO - Processing /opt/airflow/dags/reddit_dag.py took 0.328 seconds
[2024-04-10T18:52:17.864+0000] {processor.py:161} INFO - Started process (PID=39) to work on /opt/airflow/dags/reddit_dag.py
[2024-04-10T18:52:17.866+0000] {processor.py:830} INFO - Processing file /opt/airflow/dags/reddit_dag.py for tasks to queue
[2024-04-10T18:52:17.868+0000] {logging_mixin.py:188} INFO - [2024-04-10T18:52:17.868+0000] {dagbag.py:540} INFO - Filling up the DagBag from /opt/airflow/dags/reddit_dag.py
[2024-04-10T18:52:18.058+0000] {processor.py:840} INFO - DAG(s) 'etl_reddit_pipeline' retrieved from /opt/airflow/dags/reddit_dag.py
[2024-04-10T18:52:18.073+0000] {logging_mixin.py:188} INFO - [2024-04-10T18:52:18.073+0000] {dag.py:3047} INFO - Sync 1 DAGs
[2024-04-10T18:52:18.087+0000] {logging_mixin.py:188} INFO - [2024-04-10T18:52:18.087+0000] {dag.py:3834} INFO - Setting next_dagrun for etl_reddit_pipeline to 2024-04-10 00:00:00+00:00, run_after=2024-04-11 00:00:00+00:00
[2024-04-10T18:52:18.098+0000] {processor.py:183} INFO - Processing /opt/airflow/dags/reddit_dag.py took 0.242 seconds
[2024-04-10T18:52:48.240+0000] {processor.py:161} INFO - Started process (PID=41) to work on /opt/airflow/dags/reddit_dag.py
[2024-04-10T18:52:48.241+0000] {processor.py:830} INFO - Processing file /opt/airflow/dags/reddit_dag.py for tasks to queue
[2024-04-10T18:52:48.243+0000] {logging_mixin.py:188} INFO - [2024-04-10T18:52:48.243+0000] {dagbag.py:540} INFO - Filling up the DagBag from /opt/airflow/dags/reddit_dag.py
[2024-04-10T18:52:48.398+0000] {processor.py:840} INFO - DAG(s) 'etl_reddit_pipeline' retrieved from /opt/airflow/dags/reddit_dag.py
[2024-04-10T18:52:48.409+0000] {logging_mixin.py:188} INFO - [2024-04-10T18:52:48.409+0000] {dag.py:3047} INFO - Sync 1 DAGs
[2024-04-10T18:52:48.529+0000] {logging_mixin.py:188} INFO - [2024-04-10T18:52:48.529+0000] {dag.py:3834} INFO - Setting next_dagrun for etl_reddit_pipeline to 2024-04-10 00:00:00+00:00, run_after=2024-04-11 00:00:00+00:00
[2024-04-10T18:52:48.537+0000] {processor.py:183} INFO - Processing /opt/airflow/dags/reddit_dag.py took 0.302 seconds
[2024-04-10T19:32:51.423+0000] {processor.py:161} INFO - Started process (PID=31) to work on /opt/airflow/dags/reddit_dag.py
[2024-04-10T19:32:51.424+0000] {processor.py:830} INFO - Processing file /opt/airflow/dags/reddit_dag.py for tasks to queue
[2024-04-10T19:32:51.426+0000] {logging_mixin.py:188} INFO - [2024-04-10T19:32:51.425+0000] {dagbag.py:540} INFO - Filling up the DagBag from /opt/airflow/dags/reddit_dag.py
[2024-04-10T19:32:51.960+0000] {processor.py:840} INFO - DAG(s) 'etl_reddit_pipeline' retrieved from /opt/airflow/dags/reddit_dag.py
[2024-04-10T19:32:51.987+0000] {logging_mixin.py:188} INFO - [2024-04-10T19:32:51.987+0000] {dag.py:3047} INFO - Sync 1 DAGs
[2024-04-10T19:32:52.134+0000] {logging_mixin.py:188} INFO - [2024-04-10T19:32:52.134+0000] {dag.py:3834} INFO - Setting next_dagrun for etl_reddit_pipeline to 2024-04-10 00:00:00+00:00, run_after=2024-04-11 00:00:00+00:00
[2024-04-10T19:32:52.147+0000] {processor.py:183} INFO - Processing /opt/airflow/dags/reddit_dag.py took 0.728 seconds
[2024-04-10T19:33:22.542+0000] {processor.py:161} INFO - Started process (PID=33) to work on /opt/airflow/dags/reddit_dag.py
[2024-04-10T19:33:22.545+0000] {processor.py:830} INFO - Processing file /opt/airflow/dags/reddit_dag.py for tasks to queue
[2024-04-10T19:33:22.548+0000] {logging_mixin.py:188} INFO - [2024-04-10T19:33:22.547+0000] {dagbag.py:540} INFO - Filling up the DagBag from /opt/airflow/dags/reddit_dag.py
[2024-04-10T19:33:22.741+0000] {processor.py:840} INFO - DAG(s) 'etl_reddit_pipeline' retrieved from /opt/airflow/dags/reddit_dag.py
[2024-04-10T19:33:22.747+0000] {logging_mixin.py:188} INFO - [2024-04-10T19:33:22.747+0000] {dag.py:3047} INFO - Sync 1 DAGs
[2024-04-10T19:33:22.881+0000] {logging_mixin.py:188} INFO - [2024-04-10T19:33:22.881+0000] {dag.py:3834} INFO - Setting next_dagrun for etl_reddit_pipeline to 2024-04-10 00:00:00+00:00, run_after=2024-04-11 00:00:00+00:00
[2024-04-10T19:33:22.891+0000] {processor.py:183} INFO - Processing /opt/airflow/dags/reddit_dag.py took 0.356 seconds
[2024-04-10T19:33:53.132+0000] {processor.py:161} INFO - Started process (PID=35) to work on /opt/airflow/dags/reddit_dag.py
[2024-04-10T19:33:53.134+0000] {processor.py:830} INFO - Processing file /opt/airflow/dags/reddit_dag.py for tasks to queue
[2024-04-10T19:33:53.140+0000] {logging_mixin.py:188} INFO - [2024-04-10T19:33:53.139+0000] {dagbag.py:540} INFO - Filling up the DagBag from /opt/airflow/dags/reddit_dag.py
[2024-04-10T19:33:53.330+0000] {processor.py:840} INFO - DAG(s) 'etl_reddit_pipeline' retrieved from /opt/airflow/dags/reddit_dag.py
[2024-04-10T19:33:53.479+0000] {logging_mixin.py:188} INFO - [2024-04-10T19:33:53.478+0000] {dag.py:3047} INFO - Sync 1 DAGs
[2024-04-10T19:33:53.488+0000] {logging_mixin.py:188} INFO - [2024-04-10T19:33:53.487+0000] {dag.py:3834} INFO - Setting next_dagrun for etl_reddit_pipeline to 2024-04-10 00:00:00+00:00, run_after=2024-04-11 00:00:00+00:00
[2024-04-10T19:33:53.495+0000] {processor.py:183} INFO - Processing /opt/airflow/dags/reddit_dag.py took 0.370 seconds
[2024-04-10T19:34:23.524+0000] {processor.py:161} INFO - Started process (PID=37) to work on /opt/airflow/dags/reddit_dag.py
[2024-04-10T19:34:23.525+0000] {processor.py:830} INFO - Processing file /opt/airflow/dags/reddit_dag.py for tasks to queue
[2024-04-10T19:34:23.527+0000] {logging_mixin.py:188} INFO - [2024-04-10T19:34:23.527+0000] {dagbag.py:540} INFO - Filling up the DagBag from /opt/airflow/dags/reddit_dag.py
[2024-04-10T19:34:23.835+0000] {processor.py:840} INFO - DAG(s) 'etl_reddit_pipeline' retrieved from /opt/airflow/dags/reddit_dag.py
[2024-04-10T19:34:23.846+0000] {logging_mixin.py:188} INFO - [2024-04-10T19:34:23.846+0000] {dag.py:3047} INFO - Sync 1 DAGs
[2024-04-10T19:34:23.857+0000] {logging_mixin.py:188} INFO - [2024-04-10T19:34:23.857+0000] {dag.py:3834} INFO - Setting next_dagrun for etl_reddit_pipeline to 2024-04-10 00:00:00+00:00, run_after=2024-04-11 00:00:00+00:00
[2024-04-10T19:34:23.866+0000] {processor.py:183} INFO - Processing /opt/airflow/dags/reddit_dag.py took 0.345 seconds
